mode: set
github.com/rozdolsky33/Booking-App/internal/render/render.go:22.40,24.2 1 1
github.com/rozdolsky33/Booking-App/internal/render/render.go:26.84,32.2 5 1
github.com/rozdolsky33/Booking-App/internal/render/render.go:35.105,38.19 2 1
github.com/rozdolsky33/Booking-App/internal/render/render.go:38.19,40.3 1 0
github.com/rozdolsky33/Booking-App/internal/render/render.go:40.8,43.3 1 1
github.com/rozdolsky33/Booking-App/internal/render/render.go:46.2,48.9 2 1
github.com/rozdolsky33/Booking-App/internal/render/render.go:48.9,50.3 1 1
github.com/rozdolsky33/Booking-App/internal/render/render.go:52.2,56.16 4 1
github.com/rozdolsky33/Booking-App/internal/render/render.go:56.16,59.3 2 0
github.com/rozdolsky33/Booking-App/internal/render/render.go:62.2,64.16 2 1
github.com/rozdolsky33/Booking-App/internal/render/render.go:64.16,68.3 2 0
github.com/rozdolsky33/Booking-App/internal/render/render.go:69.2,69.12 1 1
github.com/rozdolsky33/Booking-App/internal/render/render.go:72.67,78.16 3 1
github.com/rozdolsky33/Booking-App/internal/render/render.go:78.16,80.3 1 0
github.com/rozdolsky33/Booking-App/internal/render/render.go:83.2,83.29 1 1
github.com/rozdolsky33/Booking-App/internal/render/render.go:83.29,86.17 3 1
github.com/rozdolsky33/Booking-App/internal/render/render.go:86.17,88.4 1 0
github.com/rozdolsky33/Booking-App/internal/render/render.go:89.3,91.23 2 1
github.com/rozdolsky33/Booking-App/internal/render/render.go:91.23,93.18 2 1
github.com/rozdolsky33/Booking-App/internal/render/render.go:93.18,95.5 1 0
github.com/rozdolsky33/Booking-App/internal/render/render.go:97.3,97.21 1 1
github.com/rozdolsky33/Booking-App/internal/render/render.go:100.2,100.21 1 1
